2025-04-11 17:53:11,487 - app - INFO - 비트코인 자동매매 프로그램 시작
2025-04-11 17:53:13,181 - app - INFO - 분석 결과: hold (신뢰도: 0.44)
2025-04-11 17:53:13,181 - app - INFO - 트레이딩 스케줄러 시작 (간격: 60분)
2025-04-12 00:57:02,111 - app - INFO - 비트코인 자동매매 프로그램 시작
2025-04-12 00:57:02,608 - app - INFO - 트레이딩 스케줄러 시작 (간격: 60분)
2025-04-12 00:57:08,443 - app - INFO - 프로그램 종료 (키보드 인터럽트)
2025-04-12 01:05:44,919 - app - INFO - 비트코인 자동매매 프로그램 시작
2025-04-12 01:05:45,487 - app - INFO - 분석 결과: hold (신뢰도: 0.54)
2025-04-12 01:05:45,487 - app - INFO - 현재가: N/A
2025-04-12 01:05:45,487 - app - INFO - 트레이딩 스케줄러 시작 (간격: 60분)
2025-04-12 01:05:59,902 - app - INFO - 프로그램 종료 (키보드 인터럽트)
2025-04-12 01:17:26,543 - app - INFO - 비트코인 자동매매 프로그램 시작
2025-04-12 01:17:27,147 - app - INFO - 분석 결과: hold (신뢰도: 0.54)
2025-04-12 01:17:27,147 - app - INFO - 현재가: N/A
2025-04-12 01:17:27,147 - app - INFO - 트레이딩 스케줄러 시작 (간격: 60분)
2025-04-12 01:17:43,102 - app - INFO - 프로그램 종료 (키보드 인터럽트)
2025-04-12 01:31:06,206 - app - INFO - 비트코인 자동매매 프로그램 시작
2025-04-12 01:31:06,800 - app - INFO - 분석 결과: hold (신뢰도: 0.54)
2025-04-12 01:31:06,800 - app - INFO - 현재가: N/A
2025-04-12 01:31:06,801 - app - INFO - 트레이딩 스케줄러 시작 (간격: 60분)
2025-04-12 01:31:29,903 - app - INFO - 프로그램 종료 (키보드 인터럽트)
2025-04-12 10:33:05,078 - app - INFO - 비트코인 자동매매 프로그램 시작
2025-04-12 10:33:05,745 - app - INFO - 분석 결과: hold (신뢰도: 0.52)
2025-04-12 10:33:05,745 - app - INFO - 현재가: N/A
2025-04-12 10:33:05,746 - app - INFO - 트레이딩 스케줄러 시작 (간격: 60분)
2025-04-12 10:33:19,707 - app - INFO - 프로그램 종료 (키보드 인터럽트)
2025-04-12 10:47:05,334 - app - INFO - 비트코인 자동매매 프로그램 시작
2025-04-12 10:47:06,080 - app - INFO - 분석 결과: hold (신뢰도: 0.54)
2025-04-12 10:47:06,081 - app - INFO - 현재가: 121,599,000.0원
2025-04-12 10:47:06,081 - app - INFO - 트레이딩 스케줄러 시작 (간격: 60분)
2025-04-12 10:47:20,935 - app - INFO - 프로그램 종료 (키보드 인터럽트)
2025-04-12 10:52:34,589 - app - INFO - 비트코인 자동매매 프로그램 시작
2025-04-12 10:52:34,590 - app - INFO - UpbitAPI 초기화 성공
2025-04-12 10:52:34,677 - app - INFO - OHLCV 데이터 크기: 200
2025-04-12 10:52:34,758 - app - INFO - 데이터 업데이트 완료 (최신 가격: 121,430,000원)
2025-04-12 10:52:35,958 - app - INFO - 분석 결과: hold (신뢰도: 0.51)
2025-04-12 10:52:35,958 - app - INFO - 현재가: 121,430,000.0원
2025-04-12 10:52:35,958 - app - INFO - 트레이딩 스케줄러 시작 (간격: 60분)
2025-04-12 10:52:46,911 - app - INFO - 프로그램 종료 (키보드 인터럽트)
2025-04-12 10:56:19,260 - app - INFO - 비트코인 자동매매 프로그램 시작
2025-04-12 10:56:19,261 - app - INFO - UpbitAPI 초기화 성공
2025-04-12 10:56:19,355 - app - INFO - OHLCV 데이터 크기: 200
2025-04-12 10:56:19,450 - app - INFO - 데이터 업데이트 완료 (최신 가격: 121,402,000원)
2025-04-12 10:56:20,199 - app - INFO - 분석 결과: hold (신뢰도: 0.55)
2025-04-12 10:56:20,199 - app - INFO - 현재가: 121,402,000.0원
2025-04-12 10:56:20,199 - app - INFO - 트레이딩 스케줄러 시작 (간격: 60분)
